  main.cpp
C:\Program Files\NVIDIA GPU Computing Toolkit\CUDA\v12.8\include\cuda.h(23382,1): warning C4819: 该文件包含不能在当前代码页(936)中表示的字符。请将该文件保存为 Unicode 格式以防止数据丢失
  (编译源文件“main.cpp”)
  
C:\Program Files\NVIDIA GPU Computing Toolkit\CUDA\v12.8\include\cuda.h(23937,1): warning C4819: 该文件包含不能在当前代码页(936)中表示的字符。请将该文件保存为 Unicode 格式以防止数据丢失
  (编译源文件“main.cpp”)
  
  C:\Program Files\NVIDIA GPU Computing Toolkit\CUDA\v12.8\include\thrust\detail\config\cpp_dialect.h:117: warning: Thrust requires at least C++ 17.C++ 14 is deprecated but still supported.C++ 14 support will be removed in a future release.Define THRUST_IGNORE_DEPRECATED_CPP_DIALECT to suppress this message.
  C:\Program Files\NVIDIA GPU Computing Toolkit\CUDA\v12.8\include\cub\util_cpp_dialect.cuh:129: warning: CUB requires at least C++ 17.C++ 14 is deprecated but still supported.C++ 14 support will be removed in a future release.Define CUB_IGNORE_DEPRECATED_CPP_DIALECT to suppress this message.
C:\Users\Chestnut\source\repos\CudaRuntime2\CudaRuntime2\main.cpp(47,42): warning C4267: “初始化”: 从“size_t”转换到“int”，可能丢失数据
C:\Users\Chestnut\source\repos\CudaRuntime2\CudaRuntime2\main.cpp(47,23): warning C4267: “初始化”: 从“size_t”转换到“const int”，可能丢失数据
C:\Users\Chestnut\source\repos\CudaRuntime2\CudaRuntime2\main.cpp(59,26): warning C4244: “参数”: 从“float”转换到“unsigned int”，可能丢失数据
C:\Users\Chestnut\source\repos\CudaRuntime2\CudaRuntime2\main.cpp(40,10): warning C4101: “OutputData_ptr”: 未引用的局部变量
C:\Users\Chestnut\source\repos\CudaRuntime2\CudaRuntime2\main.cpp(39,10): warning C4101: “InputData_ptr”: 未引用的局部变量
    正在创建库 C:\Users\Chestnut\source\repos\CudaRuntime2\x64\Release\CudaRuntime2.lib 和对象 C:\Users\Chestnut\source\repos\CudaRuntime2\x64\Release\CudaRuntime2.exp
LINK : warning LNK4098: 默认库“LIBCMT”与其他库的使用冲突；请使用 /NODEFAULTLIB:library
  正在生成代码
  1 of 761 functions ( 0.1%) were compiled, the rest were copied from previous compilation.
    0 functions were new in current compilation
    0 functions had inline decision re-evaluated but remain unchanged
  已完成代码的生成
  CudaRuntime2.vcxproj -> C:\Users\Chestnut\source\repos\CudaRuntime2\x64\Release\CudaRuntime2.exe
