  Compiling CUDA source file kernel.cu...
  
  C:\Users\Chestnut\source\repos\CudaRuntime3\CudaRuntime3>"C:\Program Files\NVIDIA GPU Computing Toolkit\CUDA\v12.8\bin\nvcc.exe" -gencode=arch=compute_52,code=\"sm_52,compute_52\" --use-local-env -ccbin "C:\Program Files\Microsoft Visual Studio\2022\Community\VC\Tools\MSVC\14.43.34808\bin\HostX64\x64" -x cu   -I"C:\Program Files\NVIDIA GPU Computing Toolkit\CUDA\v12.8\include" -I"C:\Program Files\NVIDIA GPU Computing Toolkit\CUDA\v12.8\include"     --keep-dir x64\Release  -maxrregcount=0    --machine 64 --compile -cudart static    -DWIN32 -DWIN64 -DNDEBUG -D_CONSOLE -D_MBCS -Xcompiler "/EHsc /W3 /nologo /O2 /FS   /MD " -Xcompiler "/Fdx64\Release\vc143.pdb" -o C:\Users\Chestnut\source\repos\CudaRuntime3\CudaRuntime3\x64\Release\kernel.cu.obj "C:\Users\Chestnut\source\repos\CudaRuntime3\CudaRuntime3\kernel.cu" 
C:/Program Files/NVIDIA GPU Computing Toolkit/CUDA/v12.8/include\cub/warp/specializations/warp_exchange_shfl.cuh(1): warning C4819: 该文件包含不能在当前代码页(936)中表示的字符。请将该文件保存为 Unicode 格式以防止数据丢失
C:/Program Files/NVIDIA GPU Computing Toolkit/CUDA/v12.8/include\cub/warp/specializations/warp_exchange_shfl.cuh(1): warning C4819: 该文件包含不能在当前代码页(936)中表示的字符。请将该文件保存为 Unicode 格式以防止数据丢失
  C:/Program Files/NVIDIA GPU Computing Toolkit/CUDA/v12.8/include\thrust/detail/config/cpp_dialect.h:117: warning: Thrust requires at least C++ 17.C++ 14 is deprecated but still supported.C++ 14 support will be removed in a future release.Define THRUST_IGNORE_DEPRECATED_CPP_DIALECT to suppress this message.
  C:/Program Files/NVIDIA GPU Computing Toolkit/CUDA/v12.8/include\cub/util_cpp_dialect.cuh:129: warning: CUB requires at least C++ 17.C++ 14 is deprecated but still supported.C++ 14 support will be removed in a future release.Define CUB_IGNORE_DEPRECATED_CPP_DIALECT to suppress this message.
CUDACOMPILE : nvcc warning : Support for offline compilation for architectures prior to '<compute/sm/lto>_75' will be removed in a future release (Use -Wno-deprecated-gpu-targets to suppress warning).
  kernel.cu
  tmpxft_0000bb10_00000000-7_kernel.cudafe1.cpp
  C:/Program Files/NVIDIA GPU Computing Toolkit/CUDA/v12.8/include\thrust/detail/config/cpp_dialect.h:117: warning: Thrust requires at least C++ 17.C++ 14 is deprecated but still supported.C++ 14 support will be removed in a future release.Define THRUST_IGNORE_DEPRECATED_CPP_DIALECT to suppress this message.
  C:/Program Files/NVIDIA GPU Computing Toolkit/CUDA/v12.8/include\cub/util_cpp_dialect.cuh:129: warning: CUB requires at least C++ 17.C++ 14 is deprecated but still supported.C++ 14 support will be removed in a future release.Define CUB_IGNORE_DEPRECATED_CPP_DIALECT to suppress this message.
C:\Users\Chestnut\source\repos\CudaRuntime3\CudaRuntime3\kernel.cu(29): warning C4244: “参数”: 从“double”转换到“_Ty”，可能丢失数据
          with
          [
              _Ty=float
          ]
C:\Users\Chestnut\source\repos\CudaRuntime3\CudaRuntime3\kernel.cu(140): warning C4267: “初始化”: 从“size_t”转换到“int”，可能丢失数据
C:\Users\Chestnut\source\repos\CudaRuntime3\CudaRuntime3\kernel.cu(181): warning C4244: “参数”: 从“float”转换到“unsigned int”，可能丢失数据
    正在创建库 C:\Users\Chestnut\source\repos\CudaRuntime3\x64\Release\CudaRuntime3.lib 和对象 C:\Users\Chestnut\source\repos\CudaRuntime3\x64\Release\CudaRuntime3.exp
LINK : warning LNK4098: 默认库“LIBCMT”与其他库的使用冲突；请使用 /NODEFAULTLIB:library
  LINK : 已指定 /LTCG，但不需要生成代码；从链接命令行中移除 /LTCG 以提高链接器性能
  CudaRuntime3.vcxproj -> C:\Users\Chestnut\source\repos\CudaRuntime3\x64\Release\CudaRuntime3.exe
