  Compiling CUDA source file meanshift.cu...
  
  C:\Users\Chestnut\source\repos\CudaRuntime2\CudaRuntime2>"C:\Program Files\NVIDIA GPU Computing Toolkit\CUDA\v12.8\bin\nvcc.exe" -gencode=arch=compute_52,code=\"sm_52,compute_52\" --use-local-env -ccbin "C:\Program Files\Microsoft Visual Studio\2022\Community\VC\Tools\MSVC\14.43.34808\bin\HostX64\x64" -x cu   -I"C:\Program Files\NVIDIA GPU Computing Toolkit\CUDA\v12.8\include" -I"C:\Program Files\NVIDIA GPU Computing Toolkit\CUDA\v12.8\include"  -G   --keep-dir x64\Debug  -maxrregcount=0    --machine 64 --compile -cudart static  -g  -DWIN32 -DWIN64 -D_DEBUG -D_CONSOLE -D_MBCS -Xcompiler "/EHsc /W3 /nologo /Od /FS /Zi /RTC1 /MDd " -Xcompiler "/Fdx64\Debug\vc143.pdb" -o C:\Users\Chestnut\source\repos\CudaRuntime2\CudaRuntime2\x64\Debug\meanshift.cu.obj "C:\Users\Chestnut\source\repos\CudaRuntime2\CudaRuntime2\meanshift.cu" 
C:\Program Files\NVIDIA GPU Computing Toolkit\CUDA\v12.8\include\cuda.h(23382): warning C4819: 该文件包含不能在当前代码页(936)中表示的字符。请将该文件保存为 Unicode 格式以防止数据丢失
C:\Program Files\NVIDIA GPU Computing Toolkit\CUDA\v12.8\include\cuda.h(23937): warning C4819: 该文件包含不能在当前代码页(936)中表示的字符。请将该文件保存为 Unicode 格式以防止数据丢失
C:\Program Files\NVIDIA GPU Computing Toolkit\CUDA\v12.8\include\cuda.h(23382): warning C4819: 该文件包含不能在当前代码页(936)中表示的字符。请将该文件保存为 Unicode 格式以防止数据丢失
C:\Program Files\NVIDIA GPU Computing Toolkit\CUDA\v12.8\include\cuda.h(23937): warning C4819: 该文件包含不能在当前代码页(936)中表示的字符。请将该文件保存为 Unicode 格式以防止数据丢失
  device_functions.h is an internal header file and must not be used directly.  This file will be removed in a future CUDA release.  Please use cuda_runtime_api.h or cuda_runtime.h instead.
CUDACOMPILE : nvcc warning : Support for offline compilation for architectures prior to '<compute/sm/lto>_75' will be removed in a future release (Use -Wno-deprecated-gpu-targets to suppress warning).
  meanshift.cu
  tmpxft_00009c08_00000000-7_meanshift.cudafe1.cpp
  device_functions.h is an internal header file and must not be used directly.  This file will be removed in a future CUDA release.  Please use cuda_runtime_api.h or cuda_runtime.h instead.
C:\Users\Chestnut\source\repos\CudaRuntime2\CudaRuntime2\meanshift.cu(22): warning C4244: “初始化”: 从“double”转换到“float”，可能丢失数据
C:\Users\Chestnut\source\repos\CudaRuntime2\CudaRuntime2\meanshift.cu(22): warning C4244: “初始化”: 从“double”转换到“const float”，可能丢失数据
C:\Users\Chestnut\source\repos\CudaRuntime2\CudaRuntime2\meanshift.cu(24): warning C4244: “初始化”: 从“double”转换到“float”，可能丢失数据
C:\Users\Chestnut\source\repos\CudaRuntime2\CudaRuntime2\meanshift.cu(25): warning C4244: “参数”: 从“double”转换到“float”，可能丢失数据
  main.cpp
C:\Program Files\NVIDIA GPU Computing Toolkit\CUDA\v12.8\include\cuda.h(23382,1): warning C4819: 该文件包含不能在当前代码页(936)中表示的字符。请将该文件保存为 Unicode 格式以防止数据丢失
  (编译源文件“main.cpp”)
  
C:\Program Files\NVIDIA GPU Computing Toolkit\CUDA\v12.8\include\cuda.h(23937,1): warning C4819: 该文件包含不能在当前代码页(936)中表示的字符。请将该文件保存为 Unicode 格式以防止数据丢失
  (编译源文件“main.cpp”)
  
  C:\Program Files\NVIDIA GPU Computing Toolkit\CUDA\v12.8\include\thrust\detail\config\cpp_dialect.h:117: warning: Thrust requires at least C++ 17.C++ 14 is deprecated but still supported.C++ 14 support will be removed in a future release.Define THRUST_IGNORE_DEPRECATED_CPP_DIALECT to suppress this message.
  C:\Program Files\NVIDIA GPU Computing Toolkit\CUDA\v12.8\include\cub\util_cpp_dialect.cuh:129: warning: CUB requires at least C++ 17.C++ 14 is deprecated but still supported.C++ 14 support will be removed in a future release.Define CUB_IGNORE_DEPRECATED_CPP_DIALECT to suppress this message.
C:\Users\Chestnut\source\repos\CudaRuntime2\CudaRuntime2\main.cpp(47,42): warning C4267: “初始化”: 从“size_t”转换到“int”，可能丢失数据
C:\Users\Chestnut\source\repos\CudaRuntime2\CudaRuntime2\main.cpp(47,23): warning C4267: “初始化”: 从“size_t”转换到“const int”，可能丢失数据
C:\Users\Chestnut\source\repos\CudaRuntime2\CudaRuntime2\main.cpp(59,26): warning C4244: “参数”: 从“float”转换到“unsigned int”，可能丢失数据
C:\Users\Chestnut\source\repos\CudaRuntime2\CudaRuntime2\main.cpp(40,10): warning C4101: “OutputData_ptr”: 未引用的局部变量
C:\Users\Chestnut\source\repos\CudaRuntime2\CudaRuntime2\main.cpp(39,10): warning C4101: “InputData_ptr”: 未引用的局部变量
  CudaRuntime2.vcxproj -> C:\Users\Chestnut\source\repos\CudaRuntime2\x64\Debug\CudaRuntime2.exe
